# JRE version: Java(TM) SE Runtime Environment (8.0_201-b09) (build 1.8.0_201-b09)
# Java VM: Java HotSpot(TM) 64-Bit Server VM (25.201-b09 mixed mode windows-amd64 compressed oops)
Heap:
 PSYoungGen      total 16896K, used 259K [0x00000000ed800000, 0x00000000eea80000, 0x0000000100000000)
  eden space 14848K, 1% used [0x00000000ed800000,0x00000000ed840ee8,0x00000000ee680000)
  from space 2048K, 0% used [0x00000000ee880000,0x00000000ee880000,0x00000000eea80000)
  to   space 2048K, 0% used [0x00000000ee680000,0x00000000ee680000,0x00000000ee880000)
 ParOldGen       total 27136K, used 2190K [0x00000000c8800000, 0x00000000ca280000, 0x00000000ed800000)
  object space 27136K, 8% used [0x00000000c8800000,0x00000000c8a23850,0x00000000ca280000)
 Metaspace       used 10345K, capacity 10620K, committed 10880K, reserved 1067008K
  class space    used 1299K, capacity 1389K, committed 1408K, reserved 1048576K
GC Heap History (10 events):
Event: 27.555 GC heap before
{Heap before GC invocations=9 (full 3):
 PSYoungGen      total 16896K, used 0K [0x00000000ed800000, 0x00000000eea80000, 0x0000000100000000)
  eden space 14848K, 0% used [0x00000000ed800000,0x00000000ed800000,0x00000000ee680000)
  from space 2048K, 0% used [0x00000000ee880000,0x00000000ee880000,0x00000000eea80000)
  to   space 2048K, 0% used [0x00000000ee680000,0x00000000ee680000,0x00000000ee880000)
 ParOldGen       total 27136K, used 3022K [0x00000000c8800000, 0x00000000ca280000, 0x00000000ed800000)
  object space 27136K, 11% used [0x00000000c8800000,0x00000000c8af3a80,0x00000000ca280000)
 Metaspace       used 9938K, capacity 10126K, committed 10368K, reserved 1069056K
  class space    used 1227K, capacity 1313K, committed 1408K, reserved 1048576K
Event: 27.598 GC heap after
Heap after GC invocations=9 (full 3):
 PSYoungGen      total 16896K, used 0K [0x00000000ed800000, 0x00000000eea80000, 0x0000000100000000)
  eden space 14848K, 0% used [0x00000000ed800000,0x00000000ed800000,0x00000000ee680000)
  from space 2048K, 0% used [0x00000000ee880000,0x00000000ee880000,0x00000000eea80000)
  to   space 2048K, 0% used [0x00000000ee680000,0x00000000ee680000,0x00000000ee880000)
 ParOldGen       total 27136K, used 2351K [0x00000000c8800000, 0x00000000ca280000, 0x00000000ed800000)
  object space 27136K, 8% used [0x00000000c8800000,0x00000000c8a4be28,0x00000000ca280000)
 Metaspace       used 9911K, capacity 10084K, committed 10368K, reserved 1064960K
  class space    used 1220K, capacity 1300K, committed 1408K, reserved 1048576K
}
Event: 29.161 GC heap before
{Heap before GC invocations=10 (full 3):
 PSYoungGen      total 16896K, used 2650K [0x00000000ed800000, 0x00000000eea80000, 0x0000000100000000)
  eden space 14848K, 17% used [0x00000000ed800000,0x00000000eda96b10,0x00000000ee680000)
  from space 2048K, 0% used [0x00000000ee880000,0x00000000ee880000,0x00000000eea80000)
  to   space 2048K, 0% used [0x00000000ee680000,0x00000000ee680000,0x00000000ee880000)
 ParOldGen       total 27136K, used 2351K [0x00000000c8800000, 0x00000000ca280000, 0x00000000ed800000)
  object space 27136K, 8% used [0x00000000c8800000,0x00000000c8a4be28,0x00000000ca280000)
 Metaspace       used 10210K, capacity 10452K, committed 10624K, reserved 1069056K
  class space    used 1271K, capacity 1379K, committed 1408K, reserved 1048576K
Event: 29.163 GC heap after
Heap after GC invocations=10 (full 3):
 PSYoungGen      total 16896K, used 288K [0x00000000ed800000, 0x00000000eea80000, 0x0000000100000000)
  eden space 14848K, 0% used [0x00000000ed800000,0x00000000ed800000,0x00000000ee680000)
  from space 2048K, 14% used [0x00000000ee680000,0x00000000ee6c8000,0x00000000ee880000)
  to   space 2048K, 0% used [0x00000000ee880000,0x00000000ee880000,0x00000000eea80000)
 ParOldGen       total 27136K, used 2359K [0x00000000c8800000, 0x00000000ca280000, 0x00000000ed800000)
  object space 27136K, 8% used [0x00000000c8800000,0x00000000c8a4de28,0x00000000ca280000)
 Metaspace       used 10210K, capacity 10452K, committed 10624K, reserved 1069056K
  class space    used 1271K, capacity 1379K, committed 1408K, reserved 1048576K
}
Event: 29.163 GC heap before
{Heap before GC invocations=11 (full 4):
 PSYoungGen      total 16896K, used 288K [0x00000000ed800000, 0x00000000eea80000, 0x0000000100000000)
  eden space 14848K, 0% used [0x00000000ed800000,0x00000000ed800000,0x00000000ee680000)
  from space 2048K, 14% used [0x00000000ee680000,0x00000000ee6c8000,0x00000000ee880000)
  to   space 2048K, 0% used [0x00000000ee880000,0x00000000ee880000,0x00000000eea80000)
 ParOldGen       total 27136K, used 2359K [0x00000000c8800000, 0x00000000ca280000, 0x00000000ed800000)
  object space 27136K, 8% used [0x00000000c8800000,0x00000000c8a4de28,0x00000000ca280000)
 Metaspace       used 10210K, capacity 10452K, committed 10624K, reserved 1069056K
  class space    used 1271K, capacity 1379K, committed 1408K, reserved 1048576K
Event: 29.203 GC heap after
Heap after GC invocations=11 (full 4):
 PSYoungGen      total 16896K, used 0K [0x00000000ed800000, 0x00000000eea80000, 0x0000000100000000)
  eden space 14848K, 0% used [0x00000000ed800000,0x00000000ed800000,0x00000000ee680000)
  from space 2048K, 0% used [0x00000000ee680000,0x00000000ee680000,0x00000000ee880000)
  to   space 2048K, 0% used [0x00000000ee880000,0x00000000ee880000,0x00000000eea80000)
 ParOldGen       total 27136K, used 2268K [0x00000000c8800000, 0x00000000ca280000, 0x00000000ed800000)
  object space 27136K, 8% used [0x00000000c8800000,0x00000000c8a371b0,0x00000000ca280000)
 Metaspace       used 10210K, capacity 10452K, committed 10624K, reserved 1067008K
  class space    used 1271K, capacity 1379K, committed 1408K, reserved 1048576K
}
Event: 29.203 GC heap before
{Heap before GC invocations=12 (full 4):
 PSYoungGen      total 16896K, used 131K [0x00000000ed800000, 0x00000000eea80000, 0x0000000100000000)
  eden space 14848K, 0% used [0x00000000ed800000,0x00000000ed820d08,0x00000000ee680000)
  from space 2048K, 0% used [0x00000000ee680000,0x00000000ee680000,0x00000000ee880000)
  to   space 2048K, 0% used [0x00000000ee880000,0x00000000ee880000,0x00000000eea80000)
 ParOldGen       total 27136K, used 2268K [0x00000000c8800000, 0x00000000ca280000, 0x00000000ed800000)
  object space 27136K, 8% used [0x00000000c8800000,0x00000000c8a371b0,0x00000000ca280000)
 Metaspace       used 10210K, capacity 10452K, committed 10624K, reserved 1071104K
  class space    used 1271K, capacity 1379K, committed 1408K, reserved 1048576K
Event: 29.205 GC heap after
Heap after GC invocations=12 (full 4):
 PSYoungGen      total 16896K, used 96K [0x00000000ed800000, 0x00000000eea80000, 0x0000000100000000)
  eden space 14848K, 0% used [0x00000000ed800000,0x00000000ed800000,0x00000000ee680000)
  from space 2048K, 4% used [0x00000000ee880000,0x00000000ee898000,0x00000000eea80000)
  to   space 2048K, 0% used [0x00000000ee680000,0x00000000ee680000,0x00000000ee880000)
 ParOldGen       total 27136K, used 2268K [0x00000000c8800000, 0x00000000ca280000, 0x00000000ed800000)
  object space 27136K, 8% used [0x00000000c8800000,0x00000000c8a371b0,0x00000000ca280000)
 Metaspace       used 10210K, capacity 10452K, committed 10624K, reserved 1071104K
  class space    used 1271K, capacity 1379K, committed 1408K, reserved 1048576K
}
Event: 29.205 GC heap before
{Heap before GC invocations=13 (full 5):
 PSYoungGen      total 16896K, used 96K [0x00000000ed800000, 0x00000000eea80000, 0x0000000100000000)
  eden space 14848K, 0% used [0x00000000ed800000,0x00000000ed800000,0x00000000ee680000)
  from space 2048K, 4% used [0x00000000ee880000,0x00000000ee898000,0x00000000eea80000)
  to   space 2048K, 0% used [0x00000000ee680000,0x00000000ee680000,0x00000000ee880000)
 ParOldGen       total 27136K, used 2268K [0x00000000c8800000, 0x00000000ca280000, 0x00000000ed800000)
  object space 27136K, 8% used [0x00000000c8800000,0x00000000c8a371b0,0x00000000ca280000)
 Metaspace       used 10210K, capacity 10452K, committed 10624K, reserved 1071104K
  class space    used 1271K, capacity 1379K, committed 1408K, reserved 1048576K
Event: 29.220 GC heap after
Heap after GC invocations=13 (full 5):
 PSYoungGen      total 16896K, used 0K [0x00000000ed800000, 0x00000000eea80000, 0x0000000100000000)
  eden space 14848K, 0% used [0x00000000ed800000,0x00000000ed800000,0x00000000ee680000)
  from space 2048K, 0% used [0x00000000ee880000,0x00000000ee880000,0x00000000eea80000)
  to   space 2048K, 0% used [0x00000000ee680000,0x00000000ee680000,0x00000000ee880000)
 ParOldGen       total 27136K, used 2190K [0x00000000c8800000, 0x00000000ca280000, 0x00000000ed800000)
  object space 27136K, 8% used [0x00000000c8800000,0x00000000c8a23850,0x00000000ca280000)
 Metaspace       used 10210K, capacity 10452K, committed 10624K, reserved 1067008K
  class space    used 1271K, capacity 1379K, committed 1408K, reserved 1048576K
}

